  AppDelegate.cpp
  BackgroundLayer.cpp
  Bullet.cpp
  json_reader.cpp
  json_value.cpp
  json_writer.cpp
  Monster.cpp
c:\users\qazws\onedrive\cocosproj\sproject\newcocosproject\classes\bullet.cpp(62): warning C4996: 'cocostudio::ArmatureAnimation::setMovementEventCallFunc': 被声明为已否决
  c:\cocos\cocos2d-x\cocos2d-x-3.10\cocos\editor-support\cocostudio\ccarmatureanimation.h(188): note: 参见“cocostudio::ArmatureAnimation::setMovementEventCallFunc”的声明
c:\users\qazws\onedrive\cocosproj\sproject\newcocosproject\classes\monster.cpp(19): warning C4996: 'cocostudio::ArmatureAnimation::setMovementEventCallFunc': 被声明为已否决
  c:\cocos\cocos2d-x\cocos2d-x-3.10\cocos\editor-support\cocostudio\ccarmatureanimation.h(188): note: 参见“cocostudio::ArmatureAnimation::setMovementEventCallFunc”的声明
c:\users\qazws\onedrive\cocosproj\sproject\newcocosproject\classes\monster.cpp(38): warning C4996: 'cocostudio::ArmatureAnimation::setMovementEventCallFunc': 被声明为已否决
  c:\cocos\cocos2d-x\cocos2d-x-3.10\cocos\editor-support\cocostudio\ccarmatureanimation.h(188): note: 参见“cocostudio::ArmatureAnimation::setMovementEventCallFunc”的声明
  Player.cpp
  TollgateScene.cpp
  main.cpp
c:\users\qazws\onedrive\cocosproj\sproject\newcocosproject\classes\player.cpp(16): warning C4996: 'cocostudio::ArmatureAnimation::playByIndex': 被声明为已否决
  c:\cocos\cocos2d-x\cocos2d-x-3.10\cocos\editor-support\cocostudio\ccarmatureanimation.h(134): note: 参见“cocostudio::ArmatureAnimation::playByIndex”的声明
c:\users\qazws\onedrive\cocosproj\sproject\newcocosproject\classes\player.cpp(18): warning C4996: 'cocostudio::ArmatureAnimation::setMovementEventCallFunc': 被声明为已否决
  c:\cocos\cocos2d-x\cocos2d-x-3.10\cocos\editor-support\cocostudio\ccarmatureanimation.h(188): note: 参见“cocostudio::ArmatureAnimation::setMovementEventCallFunc”的声明
c:\users\qazws\onedrive\cocosproj\sproject\newcocosproject\classes\player.cpp(58): warning C4305: “参数”: 从“double”到“float”截断
c:\users\qazws\onedrive\cocosproj\sproject\newcocosproject\classes\player.cpp(70): warning C4305: “参数”: 从“double”到“float”截断
c:\users\qazws\onedrive\cocosproj\sproject\newcocosproject\classes\player.cpp(100): warning C4996: 'cocostudio::ArmatureAnimation::playByIndex': 被声明为已否决
  c:\cocos\cocos2d-x\cocos2d-x-3.10\cocos\editor-support\cocostudio\ccarmatureanimation.h(134): note: 参见“cocostudio::ArmatureAnimation::playByIndex”的声明
c:\users\qazws\onedrive\cocosproj\sproject\newcocosproject\classes\player.cpp(103): warning C4996: 'cocostudio::ArmatureAnimation::playByIndex': 被声明为已否决
  c:\cocos\cocos2d-x\cocos2d-x-3.10\cocos\editor-support\cocostudio\ccarmatureanimation.h(134): note: 参见“cocostudio::ArmatureAnimation::playByIndex”的声明
c:\users\qazws\onedrive\cocosproj\sproject\newcocosproject\classes\player.cpp(106): warning C4996: 'cocostudio::ArmatureAnimation::playByIndex': 被声明为已否决
  c:\cocos\cocos2d-x\cocos2d-x-3.10\cocos\editor-support\cocostudio\ccarmatureanimation.h(134): note: 参见“cocostudio::ArmatureAnimation::playByIndex”的声明
c:\users\qazws\onedrive\cocosproj\sproject\newcocosproject\classes\player.cpp(109): warning C4996: 'cocostudio::ArmatureAnimation::playByIndex': 被声明为已否决
  c:\cocos\cocos2d-x\cocos2d-x-3.10\cocos\editor-support\cocostudio\ccarmatureanimation.h(134): note: 参见“cocostudio::ArmatureAnimation::playByIndex”的声明
c:\users\qazws\onedrive\cocosproj\sproject\newcocosproject\classes\player.cpp(112): warning C4996: 'cocostudio::ArmatureAnimation::playByIndex': 被声明为已否决
  c:\cocos\cocos2d-x\cocos2d-x-3.10\cocos\editor-support\cocostudio\ccarmatureanimation.h(134): note: 参见“cocostudio::ArmatureAnimation::playByIndex”的声明
c:\users\qazws\onedrive\cocosproj\sproject\newcocosproject\classes\tollgatescene.cpp(83): warning C4800: “Json::Value::Int”: 将值强制为布尔值“true”或“false”(性能警告)
  60 File(s) copied
AppDelegate.obj : warning LNK4075: 忽略“/EDITANDCONTINUE”(由于“/SAFESEH”规范)
    正在创建库 C:\Users\qazws\OneDrive\CocosProj\SProject\NewCocosProject\proj.win32\Debug.win32\NewCocosProject.lib 和对象 C:\Users\qazws\OneDrive\CocosProj\SProject\NewCocosProject\proj.win32\Debug.win32\NewCocosProject.exp
  NewCocosProject.vcxproj -> C:\Users\qazws\OneDrive\CocosProj\SProject\NewCocosProject\proj.win32\Debug.win32\NewCocosProject.exe
  0 File(s) copied
