c:\users\qazws\onedrive\cocosproj\sproject\newcocosproject\proj.win32\debug.win32\json_reader.obj
c:\users\qazws\onedrive\cocosproj\sproject\newcocosproject\proj.win32\debug.win32\json_value.obj
c:\users\qazws\onedrive\cocosproj\sproject\newcocosproject\proj.win32\debug.win32\json_writer.obj
c:\users\qazws\onedrive\cocosproj\sproject\newcocosproject\proj.win32\debug.win32\monster.obj
c:\users\qazws\onedrive\cocosproj\sproject\newcocosproject\proj.win32\debug.win32\appdelegate.obj
c:\users\qazws\onedrive\cocosproj\sproject\newcocosproject\proj.win32\debug.win32\main.obj
c:\users\qazws\onedrive\cocosproj\sproject\newcocosproject\proj.win32\debug.win32\backgroundlayer.obj
c:\users\qazws\onedrive\cocosproj\sproject\newcocosproject\proj.win32\debug.win32\tollgatescene.obj
c:\users\qazws\onedrive\cocosproj\sproject\newcocosproject\proj.win32\debug.win32\bullet.obj
c:\users\qazws\onedrive\cocosproj\sproject\newcocosproject\proj.win32\debug.win32\player.obj
c:\users\qazws\onedrive\cocosproj\sproject\newcocosproject\proj.win32\debug.win32\vc140.pdb
c:\users\qazws\onedrive\cocosproj\sproject\newcocosproject\proj.win32\debug.win32\vc140.idb
c:\users\qazws\onedrive\cocosproj\sproject\newcocosproject\proj.win32\debug.win32\newcocosproject.ilk
c:\users\qazws\onedrive\cocosproj\sproject\newcocosproject\proj.win32\debug.win32\newcocosproject.exe
c:\users\qazws\onedrive\cocosproj\sproject\newcocosproject\proj.win32\debug.win32\newcocosproject.pdb
c:\users\qazws\onedrive\cocosproj\sproject\newcocosproject\proj.win32\debug.win32\newcocosproject.lib
c:\users\qazws\onedrive\cocosproj\sproject\newcocosproject\proj.win32\debug.win32\newcocosproject.exp
c:\users\qazws\onedrive\cocosproj\sproject\newcocosproject\proj.win32\newcocosproject.cab
c:\users\qazws\onedrive\cocosproj\sproject\newcocosproject\proj.win32\debug.win32\game.res
c:\users\qazws\onedrive\cocosproj\sproject\newcocosproject\proj.win32\debug.win32\newcocosproject.tlog\cl.command.1.tlog
c:\users\qazws\onedrive\cocosproj\sproject\newcocosproject\proj.win32\debug.win32\newcocosproject.tlog\cl.read.1.tlog
c:\users\qazws\onedrive\cocosproj\sproject\newcocosproject\proj.win32\debug.win32\newcocosproject.tlog\cl.write.1.tlog
c:\users\qazws\onedrive\cocosproj\sproject\newcocosproject\proj.win32\debug.win32\newcocosproject.tlog\link.command.1.tlog
c:\users\qazws\onedrive\cocosproj\sproject\newcocosproject\proj.win32\debug.win32\newcocosproject.tlog\link.read.1.tlog
c:\users\qazws\onedrive\cocosproj\sproject\newcocosproject\proj.win32\debug.win32\newcocosproject.tlog\link.write.1.tlog
c:\users\qazws\onedrive\cocosproj\sproject\newcocosproject\proj.win32\debug.win32\newcocosproject.tlog\newcocosproject.write.1u.tlog
c:\users\qazws\onedrive\cocosproj\sproject\newcocosproject\proj.win32\debug.win32\newcocosproject.tlog\rc.command.1.tlog
c:\users\qazws\onedrive\cocosproj\sproject\newcocosproject\proj.win32\debug.win32\newcocosproject.tlog\rc.read.1.tlog
c:\users\qazws\onedrive\cocosproj\sproject\newcocosproject\proj.win32\debug.win32\newcocosproject.tlog\rc.write.1.tlog
